4/28/2011 4:06:01 AM にビルドを開始しました。
     1>ノード 2 上のプロジェクト "C:\Users\hogelog\Documents\My Dropbox\hogelog&MKnkgw\化粧ログ\src\camera\vc\camera\camera.vcxproj" (build ターゲット)。
     1>InitializeBuildStatus:
         "AlwaysCreate" が指定されたため "Release\camera.unsuccessfulbuild" を作成しています。
       ClCompile:
         C:\Program Files\Microsoft Visual Studio 10.0\VC\bin\CL.exe /c /IC:\OpenCV2.2\include /IC:\OpenCV2.2\3rdparty\include /Zi /nologo /W3 /WX- /O2 /Oi /Oy- /GL /D WIN32 /D NDEBUG /D _WINDOWS /D _UNICODE /D UNICODE /Gm- /EHsc /MD /GS /Gy /fp:precise /Zc:wchar_t /Zc:forScope /Fo"Release\\" /Fd"Release\vc100.pdb" /Gd /TP /analyze- /errorReport:prompt ..\..\src\camera.cpp ..\..\src\main.cpp
         camera.cpp
         main.cpp
     1>..\..\src\main.cpp(26): warning C4996: 'wcstombs': This function or variable may be unsafe. Consider using wcstombs_s instead. To disable deprecation, use _CRT_SECURE_NO_WARNINGS. See online help for details.
                 C:\Program Files\Microsoft Visual Studio 10.0\VC\include\stdlib.h(533) : 'wcstombs' の宣言を確認してください。
       Link:
         C:\Program Files\Microsoft Visual Studio 10.0\VC\bin\link.exe /ERRORREPORT:PROMPT /OUT:"C:\Users\hogelog\Documents\My Dropbox\hogelog&MKnkgw\化粧ログ\src\camera\vc\camera\Release\camera.exe" /INCREMENTAL:NO /NOLOGO /LIBPATH:C:\OpenCV2.2\lib /LIBPATH:C:\OpenCV2.2\3rdparty\lib videoInput.lib opencv_imgproc220.lib opencv_core220.lib opencv_highgui220.lib kernel32.lib user32.lib gdi32.lib winspool.lib comdlg32.lib advapi32.lib shell32.lib ole32.lib oleaut32.lib uuid.lib odbc32.lib odbccp32.lib kernel32.lib user32.lib gdi32.lib winspool.lib comdlg32.lib advapi32.lib shell32.lib ole32.lib oleaut32.lib uuid.lib odbc32.lib odbccp32.lib /NODEFAULTLIB:atlthunk /MANIFEST /ManifestFile:"Release\camera.exe.intermediate.manifest" /MANIFESTUAC:"level='asInvoker' uiAccess='false'" /DEBUG /PDB:"C:\Users\hogelog\Documents\My Dropbox\hogelog&MKnkgw\化粧ログ\src\camera\vc\camera\Release\camera.pdb" /SUBSYSTEM:WINDOWS /OPT:REF /OPT:ICF /LTCG /TLBID:1 /DYNAMICBASE /NXCOMPAT /IMPLIB:"C:\Users\hogelog\Documents\My Dropbox\hogelog&MKnkgw\化粧ログ\src\camera\vc\camera\Release\camera.lib" /MACHINE:X86 Release\camera.obj
         Release\main.obj
     1>LINK : warning LNK4098: defaultlib 'LIBCMT' は他のライブラリの使用と競合しています。/NODEFAULTLIB:library を使用してください。
         コード生成しています。
         コード生成が終了しました。
     1>videoInput.lib(videoInput.obj) : warning LNK4099: PDB 'vc80.pdb' が 'videoInput.lib(videoInput.obj)' で、または 'C:\Users\hogelog\Documents\My Dropbox\hogelog&MKnkgw\化粧ログ\src\camera\vc\camera\Release\vc80.pdb' に見つかりません。デバッグ情報がないものとして、オブジェクトにリンクします。
         camera.vcxproj -> C:\Users\hogelog\Documents\My Dropbox\hogelog&MKnkgw\化粧ログ\src\camera\vc\camera\Release\camera.exe
       Manifest:
         C:\Program Files\Microsoft SDKs\Windows\v7.0A\bin\mt.exe /nologo /verbose /outputresource:"C:\Users\hogelog\Documents\My Dropbox\hogelog&MKnkgw\化粧ログ\src\camera\vc\camera\Release\camera.exe;#1" /manifest Release\camera.exe.intermediate.manifest
       FinalizeBuildStatus:
         ファイル "Release\camera.unsuccessfulbuild" を削除しています。
         "Release\camera.lastbuildstate" のタッチ タスクを実行しています。
     1>プロジェクト "C:\Users\hogelog\Documents\My Dropbox\hogelog&MKnkgw\化粧ログ\src\camera\vc\camera\camera.vcxproj" (build ターゲット) のビルドが完了しました。

ビルドに成功しました。

経過時間 00:00:05.76
