C:\USERS\HOGELOG\DOCUMENTS\MY DROPBOX\HOGELOG&MKNKGW\化粧ログ\SRC\CAMERA\VC\CAMERA\DEBUG\CAMERA.EXE
C:\Users\hogelog\Documents\My Dropbox\hogelog&MKnkgw\化粧ログ\src\camera\vc\camera\Debug\camera.exe.embed.manifest
C:\USERS\HOGELOG\DOCUMENTS\MY DROPBOX\HOGELOG&MKNKGW\化粧ログ\SRC\CAMERA\VC\CAMERA\DEBUG\CAMERA.EXE.EMBED.MANIFEST.RES
C:\USERS\HOGELOG\DOCUMENTS\MY DROPBOX\HOGELOG&MKNKGW\化粧ログ\SRC\CAMERA\VC\CAMERA\DEBUG\CAMERA.EXE.INTERMEDIATE.MANIFEST
C:\USERS\HOGELOG\DOCUMENTS\MY DROPBOX\HOGELOG&MKNKGW\化粧ログ\SRC\CAMERA\VC\CAMERA\DEBUG\CAMERA.ILK
C:\USERS\HOGELOG\DOCUMENTS\MY DROPBOX\HOGELOG&MKNKGW\化粧ログ\SRC\CAMERA\VC\CAMERA\DEBUG\CAMERA.OBJ
C:\USERS\HOGELOG\DOCUMENTS\MY DROPBOX\HOGELOG&MKNKGW\化粧ログ\SRC\CAMERA\VC\CAMERA\DEBUG\CAMERA.PDB
C:\Users\hogelog\Documents\My Dropbox\hogelog&MKnkgw\化粧ログ\src\camera\vc\camera\Debug\camera_manifest.rc
C:\Users\hogelog\Documents\My Dropbox\hogelog&MKnkgw\化粧ログ\src\camera\vc\camera\Debug\cl.command.1.tlog
C:\Users\hogelog\Documents\My Dropbox\hogelog&MKnkgw\化粧ログ\src\camera\vc\camera\Debug\CL.read.1.tlog
C:\Users\hogelog\Documents\My Dropbox\hogelog&MKnkgw\化粧ログ\src\camera\vc\camera\Debug\CL.write.1.tlog
C:\Users\hogelog\Documents\My Dropbox\hogelog&MKnkgw\化粧ログ\src\camera\vc\camera\Debug\link.3040.read.1.tlog
C:\Users\hogelog\Documents\My Dropbox\hogelog&MKnkgw\化粧ログ\src\camera\vc\camera\Debug\link.3040.write.1.tlog
C:\Users\hogelog\Documents\My Dropbox\hogelog&MKnkgw\化粧ログ\src\camera\vc\camera\Debug\link.3040-cvtres.read.1.tlog
C:\Users\hogelog\Documents\My Dropbox\hogelog&MKnkgw\化粧ログ\src\camera\vc\camera\Debug\link.3040-cvtres.write.1.tlog
C:\Users\hogelog\Documents\My Dropbox\hogelog&MKnkgw\化粧ログ\src\camera\vc\camera\Debug\link.4976.read.1.tlog
C:\Users\hogelog\Documents\My Dropbox\hogelog&MKnkgw\化粧ログ\src\camera\vc\camera\Debug\link.4976.write.1.tlog
C:\Users\hogelog\Documents\My Dropbox\hogelog&MKnkgw\化粧ログ\src\camera\vc\camera\Debug\link.7120.read.1.tlog
C:\Users\hogelog\Documents\My Dropbox\hogelog&MKnkgw\化粧ログ\src\camera\vc\camera\Debug\link.7120.write.1.tlog
C:\Users\hogelog\Documents\My Dropbox\hogelog&MKnkgw\化粧ログ\src\camera\vc\camera\Debug\link.7120-cvtres.read.1.tlog
C:\Users\hogelog\Documents\My Dropbox\hogelog&MKnkgw\化粧ログ\src\camera\vc\camera\Debug\link.7120-cvtres.write.1.tlog
C:\Users\hogelog\Documents\My Dropbox\hogelog&MKnkgw\化粧ログ\src\camera\vc\camera\Debug\link.command.1.tlog
C:\Users\hogelog\Documents\My Dropbox\hogelog&MKnkgw\化粧ログ\src\camera\vc\camera\Debug\link.read.1.tlog
C:\Users\hogelog\Documents\My Dropbox\hogelog&MKnkgw\化粧ログ\src\camera\vc\camera\Debug\link.write.1.tlog
C:\Users\hogelog\Documents\My Dropbox\hogelog&MKnkgw\化粧ログ\src\camera\vc\camera\Debug\link-cvtres.read.1.tlog
C:\Users\hogelog\Documents\My Dropbox\hogelog&MKnkgw\化粧ログ\src\camera\vc\camera\Debug\link-cvtres.write.1.tlog
C:\USERS\HOGELOG\DOCUMENTS\MY DROPBOX\HOGELOG&MKNKGW\化粧ログ\SRC\CAMERA\VC\CAMERA\DEBUG\MAIN.OBJ
C:\Users\hogelog\Documents\My Dropbox\hogelog&MKnkgw\化粧ログ\src\camera\vc\camera\Debug\mt.command.1.tlog
C:\Users\hogelog\Documents\My Dropbox\hogelog&MKnkgw\化粧ログ\src\camera\vc\camera\Debug\mt.read.1.tlog
C:\Users\hogelog\Documents\My Dropbox\hogelog&MKnkgw\化粧ログ\src\camera\vc\camera\Debug\mt.write.1.tlog
C:\Users\hogelog\Documents\My Dropbox\hogelog&MKnkgw\化粧ログ\src\camera\vc\camera\Debug\rc.command.1.tlog
C:\Users\hogelog\Documents\My Dropbox\hogelog&MKnkgw\化粧ログ\src\camera\vc\camera\Debug\rc.read.1.tlog
C:\Users\hogelog\Documents\My Dropbox\hogelog&MKnkgw\化粧ログ\src\camera\vc\camera\Debug\rc.write.1.tlog
C:\Users\hogelog\Documents\My Dropbox\hogelog&MKnkgw\化粧ログ\src\camera\vc\camera\Debug\vc100.idb
C:\USERS\HOGELOG\DOCUMENTS\MY DROPBOX\HOGELOG&MKNKGW\化粧ログ\SRC\CAMERA\VC\CAMERA\DEBUG\VC100.PDB
D:\MOGE\NLANG\C++\CAMERA2FLICKR\VC\CAMERA\DEBUG\CAMERA.EXE
D:\MOGE\NLANG\C++\CAMERA2FLICKR\VC\CAMERA\DEBUG\CAMERA.EXE.EMBED.MANIFEST
D:\MOGE\NLANG\C++\CAMERA2FLICKR\VC\CAMERA\DEBUG\CAMERA.EXE.EMBED.MANIFEST.RES
D:\MOGE\NLANG\C++\CAMERA2FLICKR\VC\CAMERA\DEBUG\CAMERA.EXE.INTERMEDIATE.MANIFEST
D:\MOGE\NLANG\C++\CAMERA2FLICKR\VC\CAMERA\DEBUG\CAMERA.ILK
D:\MOGE\NLANG\C++\CAMERA2FLICKR\VC\CAMERA\DEBUG\CAMERA.OBJ
D:\MOGE\NLANG\C++\CAMERA2FLICKR\VC\CAMERA\DEBUG\CAMERA.PDB
D:\MOGE\NLANG\C++\CAMERA2FLICKR\VC\CAMERA\DEBUG\MAIN.OBJ
D:\MOGE\NLANG\C++\CAMERA2FLICKR\VC\CAMERA\DEBUG\VC100.PDB
