4/28/2011 4:02:01 AM にビルドを開始しました。
     1>ノード 2 上のプロジェクト "C:\Users\hogelog\Documents\My Dropbox\hogelog&MKnkgw\化粧ログ\src\camera\vc\camera\camera.vcxproj" (build ターゲット)。
     1>InitializeBuildStatus:
         "AlwaysCreate" が指定されたため "Debug\camera.unsuccessfulbuild" を作成しています。
       ClCompile:
         C:\Program Files\Microsoft Visual Studio 10.0\VC\bin\CL.exe /c /IC:\OpenCV2.2\include /IC:\OpenCV2.2\3rdparty\include /ZI /nologo /W3 /WX- /Od /Oy- /D WIN32 /D _DEBUG /D _CONSOLE /D _UNICODE /D UNICODE /Gm /EHsc /RTC1 /MDd /GS /fp:precise /Zc:wchar_t /Zc:forScope /Fo"Debug\\" /Fd"Debug\vc100.pdb" /Gd /TP /analyze- /errorReport:prompt ..\..\src\camera.cpp ..\..\src\main.cpp
         main.cpp
         camera.cpp
         コードを生成中...
       ManifestResourceCompile:
         C:\Program Files\Microsoft SDKs\Windows\v7.0A\bin\rc.exe /nologo /fo"Debug\camera.exe.embed.manifest.res" Debug\camera_manifest.rc 
       Link:
         C:\Program Files\Microsoft Visual Studio 10.0\VC\bin\link.exe /ERRORREPORT:PROMPT /OUT:"C:\Users\hogelog\Documents\My Dropbox\hogelog&MKnkgw\化粧ログ\src\camera\vc\camera\Debug\camera.exe" /INCREMENTAL /NOLOGO /LIBPATH:C:\OpenCV2.2\lib /LIBPATH:C:\OpenCV2.2\3rdparty\lib videoInput.lib opencv_imgproc220d.lib opencv_core220d.lib opencv_highgui220d.lib kernel32.lib user32.lib gdi32.lib winspool.lib comdlg32.lib advapi32.lib shell32.lib ole32.lib oleaut32.lib uuid.lib odbc32.lib odbccp32.lib kernel32.lib user32.lib gdi32.lib winspool.lib comdlg32.lib advapi32.lib shell32.lib ole32.lib oleaut32.lib uuid.lib odbc32.lib odbccp32.lib /NODEFAULTLIB:atlthunk /MANIFEST /ManifestFile:"Debug\camera.exe.intermediate.manifest" /MANIFESTUAC:"level='asInvoker' uiAccess='false'" /DEBUG /PDB:"C:\Users\hogelog\Documents\My Dropbox\hogelog&MKnkgw\化粧ログ\src\camera\vc\camera\Debug\camera.pdb" /SUBSYSTEM:CONSOLE /TLBID:1 /DYNAMICBASE /NXCOMPAT /IMPLIB:"C:\Users\hogelog\Documents\My Dropbox\hogelog&MKnkgw\化粧ログ\src\camera\vc\camera\Debug\camera.lib" /MACHINE:X86 Debug\camera.exe.embed.manifest.res
         Debug\camera.obj
         Debug\main.obj
     1>LINK : warning LNK4098: defaultlib 'LIBCMT' は他のライブラリの使用と競合しています。/NODEFAULTLIB:library を使用してください。
     1>videoInput.lib(videoInput.obj) : warning LNK4099: PDB 'vc80.pdb' が 'videoInput.lib(videoInput.obj)' で、または 'C:\Users\hogelog\Documents\My Dropbox\hogelog&MKnkgw\化粧ログ\src\camera\vc\camera\Debug\vc80.pdb' に見つかりません。デバッグ情報がないものとして、オブジェクトにリンクします。
       Manifest:
         C:\Program Files\Microsoft SDKs\Windows\v7.0A\bin\mt.exe /nologo /verbose /out:"Debug\camera.exe.embed.manifest" /manifest Debug\camera.exe.intermediate.manifest
         C:\Program Files\Microsoft SDKs\Windows\v7.0A\bin\rc.exe /nologo /fo"Debug\camera.exe.embed.manifest.res" Debug\camera_manifest.rc 
       LinkEmbedManifest:
         C:\Program Files\Microsoft Visual Studio 10.0\VC\bin\link.exe /ERRORREPORT:PROMPT /OUT:"C:\Users\hogelog\Documents\My Dropbox\hogelog&MKnkgw\化粧ログ\src\camera\vc\camera\Debug\camera.exe" /INCREMENTAL /NOLOGO /LIBPATH:C:\OpenCV2.2\lib /LIBPATH:C:\OpenCV2.2\3rdparty\lib videoInput.lib opencv_imgproc220d.lib opencv_core220d.lib opencv_highgui220d.lib kernel32.lib user32.lib gdi32.lib winspool.lib comdlg32.lib advapi32.lib shell32.lib ole32.lib oleaut32.lib uuid.lib odbc32.lib odbccp32.lib kernel32.lib user32.lib gdi32.lib winspool.lib comdlg32.lib advapi32.lib shell32.lib ole32.lib oleaut32.lib uuid.lib odbc32.lib odbccp32.lib /NODEFAULTLIB:atlthunk /MANIFEST /ManifestFile:"Debug\camera.exe.intermediate.manifest" /MANIFESTUAC:"level='asInvoker' uiAccess='false'" /DEBUG /PDB:"C:\Users\hogelog\Documents\My Dropbox\hogelog&MKnkgw\化粧ログ\src\camera\vc\camera\Debug\camera.pdb" /SUBSYSTEM:CONSOLE /TLBID:1 /DYNAMICBASE /NXCOMPAT /IMPLIB:"C:\Users\hogelog\Documents\My Dropbox\hogelog&MKnkgw\化粧ログ\src\camera\vc\camera\Debug\camera.lib" /MACHINE:X86 Debug\camera.exe.embed.manifest.res
         Debug\camera.obj
         Debug\main.obj
     1>LINK : warning LNK4098: defaultlib 'LIBCMT' は他のライブラリの使用と競合しています。/NODEFAULTLIB:library を使用してください。
     1>videoInput.lib(videoInput.obj) : warning LNK4099: PDB 'vc80.pdb' が 'videoInput.lib(videoInput.obj)' で、または 'C:\Users\hogelog\Documents\My Dropbox\hogelog&MKnkgw\化粧ログ\src\camera\vc\camera\Debug\vc80.pdb' に見つかりません。デバッグ情報がないものとして、オブジェクトにリンクします。
         camera.vcxproj -> C:\Users\hogelog\Documents\My Dropbox\hogelog&MKnkgw\化粧ログ\src\camera\vc\camera\Debug\camera.exe
       FinalizeBuildStatus:
         ファイル "Debug\camera.unsuccessfulbuild" を削除しています。
         "Debug\camera.lastbuildstate" のタッチ タスクを実行しています。
     1>プロジェクト "C:\Users\hogelog\Documents\My Dropbox\hogelog&MKnkgw\化粧ログ\src\camera\vc\camera\camera.vcxproj" (build ターゲット) のビルドが完了しました。

ビルドに成功しました。

経過時間 00:00:07.22
